2025-03-25 12:12:30 [INFO] - Starting SpringTutorialApplication using Java 21.0.2 with PID 15776 (C:\Development\spring_boot\spring_tutorial\target\classes started by monst in C:\Development\spring_boot\spring_tutorial)
2025-03-25 12:12:30 [INFO] - The following 1 profile is active: "dev"
2025-03-25 12:12:31 [INFO] - Bootstrapping Spring Data JPA repositories in DEFAULT mode.
2025-03-25 12:12:31 [INFO] - Finished Spring Data repository scanning in 13 ms. Found 1 JPA repository interface.
2025-03-25 12:12:31 [INFO] - Tomcat initialized with port 8080 (http)
2025-03-25 12:12:31 [INFO] - Starting service [Tomcat]
2025-03-25 12:12:31 [INFO] - Starting Servlet engine: [Apache Tomcat/10.1.36]
2025-03-25 12:12:31 [INFO] - Initializing Spring embedded WebApplicationContext
2025-03-25 12:12:31 [INFO] - Root WebApplicationContext: initialization completed in 380 ms
2025-03-25 12:12:31 [WARN] - Cannot deserialize session attribute [SPRING_SECURITY_CONTEXT] for session [3A946A939D79CD2C1977790236DB669A]
2025-03-25 12:12:31 [INFO] - HikariPool-2 - Starting...
2025-03-25 12:12:31 [INFO] - HikariPool-2 - Added connection com.mysql.cj.jdbc.ConnectionImpl@39617f4d
2025-03-25 12:12:31 [INFO] - HikariPool-2 - Start completed.
2025-03-25 12:12:31 [INFO] - HHH000204: Processing PersistenceUnitInfo [name: default]
2025-03-25 12:12:31 [INFO] - HHH000026: Second-level cache disabled
2025-03-25 12:12:31 [INFO] - No LoadTimeWeaver setup: ignoring JPA class transformer
2025-03-25 12:12:31 [WARN] - HHH000511: The 5.5.5 version for [org.hibernate.dialect.MySQLDialect] is no longer supported, hence certain features may not work properly. The minimum supported version is 8.0.0. Check the community dialects project for available legacy versions.
2025-03-25 12:12:31 [INFO] - HHH10001005: Database info:
	Database JDBC URL [Connecting through datasource 'HikariDataSource (HikariPool-2)']
	Database driver: undefined/unknown
	Database version: 5.5.5
	Autocommit mode: undefined/unknown
	Isolation level: undefined/unknown
	Minimum pool size: undefined/unknown
	Maximum pool size: undefined/unknown
2025-03-25 12:12:31 [INFO] - HHH000489: No JTA platform available (set 'hibernate.transaction.jta.platform' to enable JTA platform integration)
2025-03-25 12:12:31 [INFO] - Initialized JPA EntityManagerFactory for persistence unit 'default'
2025-03-25 12:12:31 [WARN] - spring.jpa.open-in-view is enabled by default. Therefore, database queries may be performed during view rendering. Explicitly configure spring.jpa.open-in-view to disable this warning
2025-03-25 12:12:31 [INFO] - Global AuthenticationManager configured with UserDetailsService bean with name userDetailsServiceImpl
2025-03-25 12:12:31 [INFO] - LiveReload server is running on port 35729
2025-03-25 12:12:31 [INFO] - Tomcat started on port 8080 (http) with context path '/'
2025-03-25 12:12:31 [INFO] - Started SpringTutorialApplication in 0.948 seconds (process running for 430.714)
2025-03-25 12:12:31 [INFO] - Condition evaluation unchanged
2025-03-25 12:12:36 [INFO] - Application shutdown requested.
2025-03-25 12:12:36 [INFO] - Commencing graceful shutdown. Waiting for active requests to complete
2025-03-25 12:12:36 [INFO] - Graceful shutdown complete
2025-03-25 12:12:36 [INFO] - Closing JPA EntityManagerFactory for persistence unit 'default'
2025-03-25 12:12:36 [INFO] - HikariPool-2 - Shutdown initiated...
2025-03-25 12:12:36 [INFO] - HikariPool-2 - Shutdown completed.
2025-03-25 12:12:42 [INFO] - Starting SpringTutorialApplication using Java 21.0.2 with PID 10784 (C:\Development\spring_boot\spring_tutorial\target\classes started by monst in C:\Development\spring_boot\spring_tutorial)
2025-03-25 12:12:42 [INFO] - The following 1 profile is active: "dev"
2025-03-25 12:12:42 [INFO] - Devtools property defaults active! Set 'spring.devtools.add-properties' to 'false' to disable
2025-03-25 12:12:42 [INFO] - For additional web related logging consider setting the 'logging.level.web' property to 'DEBUG'
2025-03-25 12:12:43 [INFO] - Bootstrapping Spring Data JPA repositories in DEFAULT mode.
2025-03-25 12:12:43 [INFO] - Finished Spring Data repository scanning in 33 ms. Found 1 JPA repository interface.
2025-03-25 12:12:43 [INFO] - Tomcat initialized with port 8080 (http)
2025-03-25 12:12:43 [INFO] - Starting service [Tomcat]
2025-03-25 12:12:43 [INFO] - Starting Servlet engine: [Apache Tomcat/10.1.36]
2025-03-25 12:12:43 [INFO] - Initializing Spring embedded WebApplicationContext
2025-03-25 12:12:43 [INFO] - Root WebApplicationContext: initialization completed in 939 ms
2025-03-25 12:12:44 [INFO] - HikariPool-1 - Starting...
2025-03-25 12:12:44 [INFO] - HikariPool-1 - Added connection com.mysql.cj.jdbc.ConnectionImpl@6bf84d77
2025-03-25 12:12:44 [INFO] - HikariPool-1 - Start completed.
2025-03-25 12:12:44 [INFO] - HHH000204: Processing PersistenceUnitInfo [name: default]
2025-03-25 12:12:44 [INFO] - HHH000412: Hibernate ORM core version 6.6.8.Final
2025-03-25 12:12:44 [INFO] - HHH000026: Second-level cache disabled
2025-03-25 12:12:44 [INFO] - No LoadTimeWeaver setup: ignoring JPA class transformer
2025-03-25 12:12:44 [WARN] - HHH000511: The 5.5.5 version for [org.hibernate.dialect.MySQLDialect] is no longer supported, hence certain features may not work properly. The minimum supported version is 8.0.0. Check the community dialects project for available legacy versions.
2025-03-25 12:12:44 [INFO] - HHH10001005: Database info:
	Database JDBC URL [Connecting through datasource 'HikariDataSource (HikariPool-1)']
	Database driver: undefined/unknown
	Database version: 5.5.5
	Autocommit mode: undefined/unknown
	Isolation level: undefined/unknown
	Minimum pool size: undefined/unknown
	Maximum pool size: undefined/unknown
2025-03-25 12:12:44 [INFO] - HHH000489: No JTA platform available (set 'hibernate.transaction.jta.platform' to enable JTA platform integration)
2025-03-25 12:12:44 [INFO] - Initialized JPA EntityManagerFactory for persistence unit 'default'
2025-03-25 12:12:45 [WARN] - spring.jpa.open-in-view is enabled by default. Therefore, database queries may be performed during view rendering. Explicitly configure spring.jpa.open-in-view to disable this warning
2025-03-25 12:12:45 [INFO] - Global AuthenticationManager configured with UserDetailsService bean with name userDetailsServiceImpl
2025-03-25 12:12:45 [INFO] - LiveReload server is running on port 35729
2025-03-25 12:12:45 [INFO] - Tomcat started on port 8080 (http) with context path '/'
2025-03-25 12:12:45 [INFO] - Started SpringTutorialApplication in 3.002 seconds (process running for 3.429)
2025-03-25 14:46:33 [INFO] - Restarting due to 1 class path change (1 addition, 0 deletions, 0 modifications)
2025-03-25 14:46:33 [INFO] - Commencing graceful shutdown. Waiting for active requests to complete
2025-03-25 14:46:33 [INFO] - Graceful shutdown complete
2025-03-25 14:46:33 [INFO] - Closing JPA EntityManagerFactory for persistence unit 'default'
2025-03-25 14:46:33 [INFO] - HikariPool-1 - Shutdown initiated...
2025-03-25 14:46:33 [INFO] - HikariPool-1 - Shutdown completed.
2025-03-25 14:46:33 [INFO] - Starting SpringTutorialApplication using Java 21.0.2 with PID 10784 (C:\Development\spring_boot\spring_tutorial\target\classes started by monst in C:\Development\spring_boot\spring_tutorial)
2025-03-25 14:46:33 [INFO] - The following 1 profile is active: "dev"
2025-03-25 14:46:34 [INFO] - Bootstrapping Spring Data JPA repositories in DEFAULT mode.
2025-03-25 14:46:34 [INFO] - Finished Spring Data repository scanning in 7 ms. Found 1 JPA repository interface.
2025-03-25 14:46:34 [INFO] - Tomcat initialized with port 8080 (http)
2025-03-25 14:46:34 [INFO] - Starting service [Tomcat]
2025-03-25 14:46:34 [INFO] - Starting Servlet engine: [Apache Tomcat/10.1.36]
2025-03-25 14:46:34 [INFO] - Initializing Spring embedded WebApplicationContext
2025-03-25 14:46:34 [INFO] - Root WebApplicationContext: initialization completed in 362 ms
2025-03-25 14:46:34 [INFO] - HikariPool-2 - Starting...
2025-03-25 14:46:34 [INFO] - HikariPool-2 - Added connection com.mysql.cj.jdbc.ConnectionImpl@21a68f05
2025-03-25 14:46:34 [INFO] - HikariPool-2 - Start completed.
2025-03-25 14:46:34 [INFO] - HHH000204: Processing PersistenceUnitInfo [name: default]
2025-03-25 14:46:34 [INFO] - HHH000026: Second-level cache disabled
2025-03-25 14:46:34 [INFO] - No LoadTimeWeaver setup: ignoring JPA class transformer
2025-03-25 14:46:34 [WARN] - HHH000511: The 5.5.5 version for [org.hibernate.dialect.MySQLDialect] is no longer supported, hence certain features may not work properly. The minimum supported version is 8.0.0. Check the community dialects project for available legacy versions.
2025-03-25 14:46:34 [INFO] - HHH10001005: Database info:
	Database JDBC URL [Connecting through datasource 'HikariDataSource (HikariPool-2)']
	Database driver: undefined/unknown
	Database version: 5.5.5
	Autocommit mode: undefined/unknown
	Isolation level: undefined/unknown
	Minimum pool size: undefined/unknown
	Maximum pool size: undefined/unknown
2025-03-25 14:46:34 [INFO] - HHH000489: No JTA platform available (set 'hibernate.transaction.jta.platform' to enable JTA platform integration)
2025-03-25 14:46:34 [INFO] - Initialized JPA EntityManagerFactory for persistence unit 'default'
2025-03-25 14:46:34 [WARN] - spring.jpa.open-in-view is enabled by default. Therefore, database queries may be performed during view rendering. Explicitly configure spring.jpa.open-in-view to disable this warning
2025-03-25 14:46:34 [INFO] - Global AuthenticationManager configured with UserDetailsService bean with name userDetailsServiceImpl
2025-03-25 14:46:34 [INFO] - LiveReload server is running on port 35729
2025-03-25 14:46:34 [INFO] - Tomcat started on port 8080 (http) with context path '/'
2025-03-25 14:46:34 [INFO] - Started SpringTutorialApplication in 0.725 seconds (process running for 9232.263)
2025-03-25 14:46:34 [INFO] - Condition evaluation unchanged
2025-03-25 14:46:47 [INFO] - Restarting due to 1 class path change (0 additions, 0 deletions, 1 modification)
2025-03-25 14:46:47 [INFO] - Commencing graceful shutdown. Waiting for active requests to complete
2025-03-25 14:46:47 [INFO] - Graceful shutdown complete
2025-03-25 14:46:47 [INFO] - Closing JPA EntityManagerFactory for persistence unit 'default'
2025-03-25 14:46:47 [INFO] - HikariPool-2 - Shutdown initiated...
2025-03-25 14:46:47 [INFO] - HikariPool-2 - Shutdown completed.
2025-03-25 14:46:47 [INFO] - Starting SpringTutorialApplication using Java 21.0.2 with PID 10784 (C:\Development\spring_boot\spring_tutorial\target\classes started by monst in C:\Development\spring_boot\spring_tutorial)
2025-03-25 14:46:47 [INFO] - The following 1 profile is active: "dev"
2025-03-25 14:46:47 [INFO] - Bootstrapping Spring Data JPA repositories in DEFAULT mode.
2025-03-25 14:46:47 [INFO] - Finished Spring Data repository scanning in 6 ms. Found 1 JPA repository interface.
2025-03-25 14:46:47 [INFO] - Tomcat initialized with port 8080 (http)
2025-03-25 14:46:47 [INFO] - Starting service [Tomcat]
2025-03-25 14:46:47 [INFO] - Starting Servlet engine: [Apache Tomcat/10.1.36]
2025-03-25 14:46:47 [INFO] - Initializing Spring embedded WebApplicationContext
2025-03-25 14:46:47 [INFO] - Root WebApplicationContext: initialization completed in 173 ms
2025-03-25 14:46:47 [INFO] - HikariPool-3 - Starting...
2025-03-25 14:46:47 [INFO] - HikariPool-3 - Added connection com.mysql.cj.jdbc.ConnectionImpl@6bf424e9
2025-03-25 14:46:47 [INFO] - HikariPool-3 - Start completed.
2025-03-25 14:46:47 [INFO] - HHH000204: Processing PersistenceUnitInfo [name: default]
2025-03-25 14:46:47 [INFO] - HHH000026: Second-level cache disabled
2025-03-25 14:46:47 [INFO] - No LoadTimeWeaver setup: ignoring JPA class transformer
2025-03-25 14:46:47 [WARN] - HHH000511: The 5.5.5 version for [org.hibernate.dialect.MySQLDialect] is no longer supported, hence certain features may not work properly. The minimum supported version is 8.0.0. Check the community dialects project for available legacy versions.
2025-03-25 14:46:47 [INFO] - HHH10001005: Database info:
	Database JDBC URL [Connecting through datasource 'HikariDataSource (HikariPool-3)']
	Database driver: undefined/unknown
	Database version: 5.5.5
	Autocommit mode: undefined/unknown
	Isolation level: undefined/unknown
	Minimum pool size: undefined/unknown
	Maximum pool size: undefined/unknown
2025-03-25 14:46:47 [INFO] - HHH000489: No JTA platform available (set 'hibernate.transaction.jta.platform' to enable JTA platform integration)
2025-03-25 14:46:47 [INFO] - Initialized JPA EntityManagerFactory for persistence unit 'default'
2025-03-25 14:46:47 [WARN] - spring.jpa.open-in-view is enabled by default. Therefore, database queries may be performed during view rendering. Explicitly configure spring.jpa.open-in-view to disable this warning
2025-03-25 14:46:47 [INFO] - Global AuthenticationManager configured with UserDetailsService bean with name userDetailsServiceImpl
2025-03-25 14:46:47 [INFO] - LiveReload server is running on port 35729
2025-03-25 14:46:47 [INFO] - Tomcat started on port 8080 (http) with context path '/'
2025-03-25 14:46:47 [INFO] - Started SpringTutorialApplication in 0.498 seconds (process running for 9245.436)
2025-03-25 14:46:47 [INFO] - Condition evaluation unchanged
2025-03-25 14:47:33 [INFO] - Restarting due to 1 class path change (0 additions, 0 deletions, 1 modification)
2025-03-25 14:47:33 [INFO] - Commencing graceful shutdown. Waiting for active requests to complete
2025-03-25 14:47:33 [INFO] - Graceful shutdown complete
2025-03-25 14:47:33 [INFO] - Closing JPA EntityManagerFactory for persistence unit 'default'
2025-03-25 14:47:33 [INFO] - HikariPool-3 - Shutdown initiated...
2025-03-25 14:47:33 [INFO] - HikariPool-3 - Shutdown completed.
2025-03-25 14:47:33 [INFO] - Starting SpringTutorialApplication using Java 21.0.2 with PID 10784 (C:\Development\spring_boot\spring_tutorial\target\classes started by monst in C:\Development\spring_boot\spring_tutorial)
2025-03-25 14:47:33 [INFO] - The following 1 profile is active: "dev"
2025-03-25 14:47:33 [INFO] - Bootstrapping Spring Data JPA repositories in DEFAULT mode.
2025-03-25 14:47:33 [INFO] - Finished Spring Data repository scanning in 5 ms. Found 1 JPA repository interface.
2025-03-25 14:47:33 [INFO] - Tomcat initialized with port 8080 (http)
2025-03-25 14:47:33 [INFO] - Starting service [Tomcat]
2025-03-25 14:47:33 [INFO] - Starting Servlet engine: [Apache Tomcat/10.1.36]
2025-03-25 14:47:33 [INFO] - Initializing Spring embedded WebApplicationContext
2025-03-25 14:47:33 [INFO] - Root WebApplicationContext: initialization completed in 183 ms
2025-03-25 14:47:33 [INFO] - HikariPool-4 - Starting...
2025-03-25 14:47:33 [INFO] - HikariPool-4 - Added connection com.mysql.cj.jdbc.ConnectionImpl@3ff95d65
2025-03-25 14:47:33 [INFO] - HikariPool-4 - Start completed.
2025-03-25 14:47:33 [INFO] - HHH000204: Processing PersistenceUnitInfo [name: default]
2025-03-25 14:47:33 [INFO] - HHH000026: Second-level cache disabled
2025-03-25 14:47:33 [INFO] - No LoadTimeWeaver setup: ignoring JPA class transformer
2025-03-25 14:47:33 [WARN] - HHH000511: The 5.5.5 version for [org.hibernate.dialect.MySQLDialect] is no longer supported, hence certain features may not work properly. The minimum supported version is 8.0.0. Check the community dialects project for available legacy versions.
2025-03-25 14:47:33 [INFO] - HHH10001005: Database info:
	Database JDBC URL [Connecting through datasource 'HikariDataSource (HikariPool-4)']
	Database driver: undefined/unknown
	Database version: 5.5.5
	Autocommit mode: undefined/unknown
	Isolation level: undefined/unknown
	Minimum pool size: undefined/unknown
	Maximum pool size: undefined/unknown
2025-03-25 14:47:33 [INFO] - HHH000489: No JTA platform available (set 'hibernate.transaction.jta.platform' to enable JTA platform integration)
2025-03-25 14:47:33 [INFO] - Initialized JPA EntityManagerFactory for persistence unit 'default'
2025-03-25 14:47:33 [WARN] - spring.jpa.open-in-view is enabled by default. Therefore, database queries may be performed during view rendering. Explicitly configure spring.jpa.open-in-view to disable this warning
2025-03-25 14:47:33 [INFO] - Global AuthenticationManager configured with UserDetailsService bean with name userDetailsServiceImpl
2025-03-25 14:47:33 [INFO] - LiveReload server is running on port 35729
2025-03-25 14:47:33 [INFO] - Tomcat started on port 8080 (http) with context path '/'
2025-03-25 14:47:33 [INFO] - Started SpringTutorialApplication in 0.511 seconds (process running for 9291.38)
2025-03-25 14:47:33 [INFO] - Condition evaluation unchanged
2025-03-25 14:52:38 [INFO] - Restarting due to 1 class path change (1 addition, 0 deletions, 0 modifications)
2025-03-25 14:52:38 [INFO] - Commencing graceful shutdown. Waiting for active requests to complete
2025-03-25 14:52:38 [INFO] - Graceful shutdown complete
2025-03-25 14:52:38 [INFO] - Closing JPA EntityManagerFactory for persistence unit 'default'
2025-03-25 14:52:38 [INFO] - HikariPool-4 - Shutdown initiated...
2025-03-25 14:52:38 [INFO] - HikariPool-4 - Shutdown completed.
2025-03-25 14:52:38 [INFO] - Starting SpringTutorialApplication using Java 21.0.2 with PID 10784 (C:\Development\spring_boot\spring_tutorial\target\classes started by monst in C:\Development\spring_boot\spring_tutorial)
2025-03-25 14:52:38 [INFO] - The following 1 profile is active: "dev"
2025-03-25 14:52:38 [INFO] - Bootstrapping Spring Data JPA repositories in DEFAULT mode.
2025-03-25 14:52:38 [INFO] - Finished Spring Data repository scanning in 4 ms. Found 1 JPA repository interface.
2025-03-25 14:52:38 [INFO] - Tomcat initialized with port 8080 (http)
2025-03-25 14:52:38 [INFO] - Starting service [Tomcat]
2025-03-25 14:52:38 [INFO] - Starting Servlet engine: [Apache Tomcat/10.1.36]
2025-03-25 14:52:38 [INFO] - Initializing Spring embedded WebApplicationContext
2025-03-25 14:52:38 [INFO] - Root WebApplicationContext: initialization completed in 194 ms
2025-03-25 14:52:38 [INFO] - HikariPool-5 - Starting...
2025-03-25 14:52:38 [INFO] - HikariPool-5 - Added connection com.mysql.cj.jdbc.ConnectionImpl@70e195ca
2025-03-25 14:52:38 [INFO] - HikariPool-5 - Start completed.
2025-03-25 14:52:38 [INFO] - HHH000204: Processing PersistenceUnitInfo [name: default]
2025-03-25 14:52:38 [INFO] - HHH000026: Second-level cache disabled
2025-03-25 14:52:38 [INFO] - No LoadTimeWeaver setup: ignoring JPA class transformer
2025-03-25 14:52:38 [WARN] - HHH000511: The 5.5.5 version for [org.hibernate.dialect.MySQLDialect] is no longer supported, hence certain features may not work properly. The minimum supported version is 8.0.0. Check the community dialects project for available legacy versions.
2025-03-25 14:52:38 [INFO] - HHH10001005: Database info:
	Database JDBC URL [Connecting through datasource 'HikariDataSource (HikariPool-5)']
	Database driver: undefined/unknown
	Database version: 5.5.5
	Autocommit mode: undefined/unknown
	Isolation level: undefined/unknown
	Minimum pool size: undefined/unknown
	Maximum pool size: undefined/unknown
2025-03-25 14:52:38 [INFO] - HHH000489: No JTA platform available (set 'hibernate.transaction.jta.platform' to enable JTA platform integration)
2025-03-25 14:52:38 [INFO] - Initialized JPA EntityManagerFactory for persistence unit 'default'
2025-03-25 14:52:38 [WARN] - spring.jpa.open-in-view is enabled by default. Therefore, database queries may be performed during view rendering. Explicitly configure spring.jpa.open-in-view to disable this warning
2025-03-25 14:52:38 [INFO] - Global AuthenticationManager configured with UserDetailsService bean with name userDetailsServiceImpl
2025-03-25 14:52:38 [INFO] - LiveReload server is running on port 35729
2025-03-25 14:52:38 [INFO] - Tomcat started on port 8080 (http) with context path '/'
2025-03-25 14:52:38 [INFO] - Started SpringTutorialApplication in 0.531 seconds (process running for 9596.479)
2025-03-25 14:52:38 [INFO] - Condition evaluation unchanged
2025-03-25 14:52:51 [INFO] - Restarting due to 1 class path change (0 additions, 0 deletions, 1 modification)
2025-03-25 14:52:51 [INFO] - Commencing graceful shutdown. Waiting for active requests to complete
2025-03-25 14:52:51 [INFO] - Graceful shutdown complete
2025-03-25 14:52:51 [INFO] - Closing JPA EntityManagerFactory for persistence unit 'default'
2025-03-25 14:52:51 [INFO] - HikariPool-5 - Shutdown initiated...
2025-03-25 14:52:51 [INFO] - HikariPool-5 - Shutdown completed.
2025-03-25 14:52:51 [INFO] - Starting SpringTutorialApplication using Java 21.0.2 with PID 10784 (C:\Development\spring_boot\spring_tutorial\target\classes started by monst in C:\Development\spring_boot\spring_tutorial)
2025-03-25 14:52:51 [INFO] - The following 1 profile is active: "dev"
2025-03-25 14:52:51 [INFO] - Bootstrapping Spring Data JPA repositories in DEFAULT mode.
2025-03-25 14:52:51 [INFO] - Finished Spring Data repository scanning in 6 ms. Found 1 JPA repository interface.
2025-03-25 14:52:51 [INFO] - Tomcat initialized with port 8080 (http)
2025-03-25 14:52:51 [INFO] - Starting service [Tomcat]
2025-03-25 14:52:51 [INFO] - Starting Servlet engine: [Apache Tomcat/10.1.36]
2025-03-25 14:52:51 [INFO] - Initializing Spring embedded WebApplicationContext
2025-03-25 14:52:51 [INFO] - Root WebApplicationContext: initialization completed in 213 ms
2025-03-25 14:52:51 [INFO] - HikariPool-6 - Starting...
2025-03-25 14:52:51 [INFO] - HikariPool-6 - Added connection com.mysql.cj.jdbc.ConnectionImpl@2bc6f278
2025-03-25 14:52:51 [INFO] - HikariPool-6 - Start completed.
2025-03-25 14:52:51 [INFO] - HHH000204: Processing PersistenceUnitInfo [name: default]
2025-03-25 14:52:51 [INFO] - HHH000026: Second-level cache disabled
2025-03-25 14:52:51 [INFO] - No LoadTimeWeaver setup: ignoring JPA class transformer
2025-03-25 14:52:51 [WARN] - HHH000511: The 5.5.5 version for [org.hibernate.dialect.MySQLDialect] is no longer supported, hence certain features may not work properly. The minimum supported version is 8.0.0. Check the community dialects project for available legacy versions.
2025-03-25 14:52:51 [INFO] - HHH10001005: Database info:
	Database JDBC URL [Connecting through datasource 'HikariDataSource (HikariPool-6)']
	Database driver: undefined/unknown
	Database version: 5.5.5
	Autocommit mode: undefined/unknown
	Isolation level: undefined/unknown
	Minimum pool size: undefined/unknown
	Maximum pool size: undefined/unknown
2025-03-25 14:52:51 [INFO] - HHH000489: No JTA platform available (set 'hibernate.transaction.jta.platform' to enable JTA platform integration)
2025-03-25 14:52:51 [INFO] - Initialized JPA EntityManagerFactory for persistence unit 'default'
2025-03-25 14:52:51 [WARN] - spring.jpa.open-in-view is enabled by default. Therefore, database queries may be performed during view rendering. Explicitly configure spring.jpa.open-in-view to disable this warning
2025-03-25 14:52:51 [INFO] - Global AuthenticationManager configured with UserDetailsService bean with name userDetailsServiceImpl
2025-03-25 14:52:52 [INFO] - LiveReload server is running on port 35729
2025-03-25 14:52:52 [INFO] - Tomcat started on port 8080 (http) with context path '/'
2025-03-25 14:52:52 [INFO] - Started SpringTutorialApplication in 0.608 seconds (process running for 9609.82)
2025-03-25 14:52:52 [INFO] - Condition evaluation unchanged
2025-03-25 14:53:57 [INFO] - Application shutdown requested.
2025-03-25 14:53:57 [INFO] - Commencing graceful shutdown. Waiting for active requests to complete
2025-03-25 14:53:57 [INFO] - Graceful shutdown complete
2025-03-25 14:53:57 [INFO] - Closing JPA EntityManagerFactory for persistence unit 'default'
2025-03-25 14:53:57 [INFO] - HikariPool-6 - Shutdown initiated...
2025-03-25 14:53:57 [INFO] - HikariPool-6 - Shutdown completed.
2025-03-25 14:54:00 [INFO] - Starting SpringTutorialApplication using Java 21.0.2 with PID 16760 (C:\Development\spring_boot\spring_tutorial\target\classes started by monst in C:\Development\spring_boot\spring_tutorial)
2025-03-25 14:54:00 [INFO] - The following 1 profile is active: "dev"
2025-03-25 14:54:00 [INFO] - Devtools property defaults active! Set 'spring.devtools.add-properties' to 'false' to disable
2025-03-25 14:54:00 [INFO] - For additional web related logging consider setting the 'logging.level.web' property to 'DEBUG'
2025-03-25 14:54:00 [INFO] - Bootstrapping Spring Data JPA repositories in DEFAULT mode.
2025-03-25 14:54:00 [INFO] - Finished Spring Data repository scanning in 29 ms. Found 1 JPA repository interface.
2025-03-25 14:54:01 [INFO] - Tomcat initialized with port 8080 (http)
2025-03-25 14:54:01 [INFO] - Starting service [Tomcat]
2025-03-25 14:54:01 [INFO] - Starting Servlet engine: [Apache Tomcat/10.1.36]
2025-03-25 14:54:01 [INFO] - Initializing Spring embedded WebApplicationContext
2025-03-25 14:54:01 [INFO] - Root WebApplicationContext: initialization completed in 894 ms
2025-03-25 14:54:01 [INFO] - HikariPool-1 - Starting...
2025-03-25 14:54:01 [INFO] - HikariPool-1 - Added connection com.mysql.cj.jdbc.ConnectionImpl@436bb472
2025-03-25 14:54:01 [INFO] - HikariPool-1 - Start completed.
2025-03-25 14:54:01 [INFO] - HHH000204: Processing PersistenceUnitInfo [name: default]
2025-03-25 14:54:01 [INFO] - HHH000412: Hibernate ORM core version 6.6.8.Final
2025-03-25 14:54:01 [INFO] - HHH000026: Second-level cache disabled
2025-03-25 14:54:01 [INFO] - No LoadTimeWeaver setup: ignoring JPA class transformer
2025-03-25 14:54:01 [WARN] - HHH000511: The 5.5.5 version for [org.hibernate.dialect.MySQLDialect] is no longer supported, hence certain features may not work properly. The minimum supported version is 8.0.0. Check the community dialects project for available legacy versions.
2025-03-25 14:54:01 [INFO] - HHH10001005: Database info:
	Database JDBC URL [Connecting through datasource 'HikariDataSource (HikariPool-1)']
	Database driver: undefined/unknown
	Database version: 5.5.5
	Autocommit mode: undefined/unknown
	Isolation level: undefined/unknown
	Minimum pool size: undefined/unknown
	Maximum pool size: undefined/unknown
2025-03-25 14:54:02 [INFO] - HHH000489: No JTA platform available (set 'hibernate.transaction.jta.platform' to enable JTA platform integration)
2025-03-25 14:54:02 [INFO] - Initialized JPA EntityManagerFactory for persistence unit 'default'
2025-03-25 14:54:02 [WARN] - spring.jpa.open-in-view is enabled by default. Therefore, database queries may be performed during view rendering. Explicitly configure spring.jpa.open-in-view to disable this warning
2025-03-25 14:54:02 [INFO] - Global AuthenticationManager configured with UserDetailsService bean with name userDetailsServiceImpl
2025-03-25 14:54:03 [INFO] - LiveReload server is running on port 35729
2025-03-25 14:54:03 [INFO] - Tomcat started on port 8080 (http) with context path '/'
2025-03-25 14:54:03 [INFO] - Started SpringTutorialApplication in 2.917 seconds (process running for 3.485)
2025-03-25 14:54:07 [INFO] - Initializing Spring DispatcherServlet 'dispatcherServlet'
2025-03-25 14:54:07 [INFO] - Initializing Servlet 'dispatcherServlet'
2025-03-25 14:54:07 [INFO] - Completed initialization in 1 ms
2025-03-25 14:55:02 [ERROR] - エラーが発生しました。メソッド名：dummyException, 例外クラス名：java.lang.ArithmeticException
2025-03-25 14:55:02 [WARN] - Resolved [java.lang.ArithmeticException: / by zero]
2025-03-25 14:59:10 [INFO] - Application shutdown requested.
2025-03-25 14:59:10 [INFO] - Commencing graceful shutdown. Waiting for active requests to complete
2025-03-25 14:59:10 [INFO] - Graceful shutdown complete
2025-03-25 14:59:10 [INFO] - Closing JPA EntityManagerFactory for persistence unit 'default'
2025-03-25 14:59:10 [INFO] - HikariPool-1 - Shutdown initiated...
2025-03-25 14:59:10 [INFO] - HikariPool-1 - Shutdown completed.
2025-03-25 15:32:39 [INFO] - Starting SpringTutorialApplication using Java 21.0.2 with PID 17388 (C:\Development\spring_boot\spring_tutorial\target\classes started by monst in C:\Development\spring_boot\spring_tutorial)
2025-03-25 15:32:39 [INFO] - The following 1 profile is active: "dev"
2025-03-25 15:32:39 [INFO] - Devtools property defaults active! Set 'spring.devtools.add-properties' to 'false' to disable
2025-03-25 15:32:39 [INFO] - For additional web related logging consider setting the 'logging.level.web' property to 'DEBUG'
2025-03-25 15:32:40 [INFO] - Bootstrapping Spring Data JPA repositories in DEFAULT mode.
2025-03-25 15:32:40 [INFO] - Finished Spring Data repository scanning in 28 ms. Found 1 JPA repository interface.
2025-03-25 15:32:40 [INFO] - Tomcat initialized with port 8080 (http)
2025-03-25 15:32:40 [INFO] - Starting service [Tomcat]
2025-03-25 15:32:40 [INFO] - Starting Servlet engine: [Apache Tomcat/10.1.36]
2025-03-25 15:32:40 [INFO] - Initializing Spring embedded WebApplicationContext
2025-03-25 15:32:40 [INFO] - Root WebApplicationContext: initialization completed in 884 ms
2025-03-25 15:32:40 [WARN] - Cannot deserialize session attribute [SPRING_SECURITY_CONTEXT] for session [D014079570432FAE2610AA1A380FA219]
2025-03-25 15:32:40 [INFO] - HikariPool-1 - Starting...
2025-03-25 15:32:40 [INFO] - HikariPool-1 - Added connection com.mysql.cj.jdbc.ConnectionImpl@ef1a9e6
2025-03-25 15:32:40 [INFO] - HikariPool-1 - Start completed.
2025-03-25 15:32:40 [INFO] - HHH000204: Processing PersistenceUnitInfo [name: default]
2025-03-25 15:32:40 [INFO] - HHH000412: Hibernate ORM core version 6.6.8.Final
2025-03-25 15:32:40 [INFO] - HHH000026: Second-level cache disabled
2025-03-25 15:32:41 [INFO] - No LoadTimeWeaver setup: ignoring JPA class transformer
2025-03-25 15:32:41 [WARN] - HHH000511: The 5.5.5 version for [org.hibernate.dialect.MySQLDialect] is no longer supported, hence certain features may not work properly. The minimum supported version is 8.0.0. Check the community dialects project for available legacy versions.
2025-03-25 15:32:41 [INFO] - HHH10001005: Database info:
	Database JDBC URL [Connecting through datasource 'HikariDataSource (HikariPool-1)']
	Database driver: undefined/unknown
	Database version: 5.5.5
	Autocommit mode: undefined/unknown
	Isolation level: undefined/unknown
	Minimum pool size: undefined/unknown
	Maximum pool size: undefined/unknown
2025-03-25 15:32:41 [INFO] - HHH000489: No JTA platform available (set 'hibernate.transaction.jta.platform' to enable JTA platform integration)
2025-03-25 15:32:41 [INFO] - Initialized JPA EntityManagerFactory for persistence unit 'default'
2025-03-25 15:32:41 [WARN] - spring.jpa.open-in-view is enabled by default. Therefore, database queries may be performed during view rendering. Explicitly configure spring.jpa.open-in-view to disable this warning
2025-03-25 15:32:41 [INFO] - Global AuthenticationManager configured with UserDetailsService bean with name userDetailsServiceImpl
2025-03-25 15:32:42 [INFO] - LiveReload server is running on port 35729
2025-03-25 15:32:42 [INFO] - Tomcat started on port 8080 (http) with context path '/'
2025-03-25 15:32:42 [INFO] - Started SpringTutorialApplication in 2.897 seconds (process running for 3.313)
2025-03-25 15:32:46 [INFO] - Initializing Spring DispatcherServlet 'dispatcherServlet'
2025-03-25 15:32:46 [INFO] - Initializing Servlet 'dispatcherServlet'
2025-03-25 15:32:46 [INFO] - Completed initialization in 1 ms
2025-03-25 15:32:47 [INFO] - preHandle()：リクエスト：http://localhost:8080/login メソッド：GET
2025-03-25 15:32:47 [INFO] - postHandle()：ステータスコード200
2025-03-25 15:32:47 [INFO] - afterCompletion()：コンテンツタイプ：text/html;charset=UTF-8
2025-03-25 15:32:53 [INFO] - preHandle()：リクエスト：http://localhost:8080/adminuser メソッド：GET
2025-03-25 15:32:53 [INFO] - postHandle()：ステータスコード200
2025-03-25 15:32:53 [INFO] - afterCompletion()：コンテンツタイプ：text/html;charset=UTF-8
2025-03-25 15:33:11 [INFO] - Application shutdown requested.
2025-03-25 15:33:11 [INFO] - Commencing graceful shutdown. Waiting for active requests to complete
2025-03-25 15:33:11 [INFO] - Graceful shutdown complete
2025-03-25 15:33:11 [INFO] - Closing JPA EntityManagerFactory for persistence unit 'default'
2025-03-25 15:33:11 [INFO] - HikariPool-1 - Shutdown initiated...
2025-03-25 15:33:11 [INFO] - HikariPool-1 - Shutdown completed.
2025-03-25 15:33:14 [INFO] - Starting SpringTutorialApplication using Java 21.0.2 with PID 1960 (C:\Development\spring_boot\spring_tutorial\target\classes started by monst in C:\Development\spring_boot\spring_tutorial)
2025-03-25 15:33:14 [INFO] - The following 1 profile is active: "dev"
2025-03-25 15:33:14 [INFO] - Devtools property defaults active! Set 'spring.devtools.add-properties' to 'false' to disable
2025-03-25 15:33:14 [INFO] - For additional web related logging consider setting the 'logging.level.web' property to 'DEBUG'
2025-03-25 15:33:14 [INFO] - Bootstrapping Spring Data JPA repositories in DEFAULT mode.
2025-03-25 15:33:14 [INFO] - Finished Spring Data repository scanning in 29 ms. Found 1 JPA repository interface.
2025-03-25 15:33:14 [INFO] - Tomcat initialized with port 8080 (http)
2025-03-25 15:33:14 [INFO] - Starting service [Tomcat]
2025-03-25 15:33:14 [INFO] - Starting Servlet engine: [Apache Tomcat/10.1.36]
2025-03-25 15:33:14 [INFO] - Initializing Spring embedded WebApplicationContext
2025-03-25 15:33:14 [INFO] - Root WebApplicationContext: initialization completed in 884 ms
2025-03-25 15:33:15 [WARN] - Cannot deserialize session attribute [SPRING_SECURITY_CONTEXT] for session [0E017F39E4B8C3FFF0BE8F5C3541A409]
2025-03-25 15:33:15 [INFO] - HikariPool-1 - Starting...
2025-03-25 15:33:15 [INFO] - HikariPool-1 - Added connection com.mysql.cj.jdbc.ConnectionImpl@369d1aa3
2025-03-25 15:33:15 [INFO] - HikariPool-1 - Start completed.
2025-03-25 15:33:15 [INFO] - HHH000204: Processing PersistenceUnitInfo [name: default]
2025-03-25 15:33:15 [INFO] - HHH000412: Hibernate ORM core version 6.6.8.Final
2025-03-25 15:33:15 [INFO] - HHH000026: Second-level cache disabled
2025-03-25 15:33:15 [INFO] - No LoadTimeWeaver setup: ignoring JPA class transformer
2025-03-25 15:33:15 [WARN] - HHH000511: The 5.5.5 version for [org.hibernate.dialect.MySQLDialect] is no longer supported, hence certain features may not work properly. The minimum supported version is 8.0.0. Check the community dialects project for available legacy versions.
2025-03-25 15:33:15 [INFO] - HHH10001005: Database info:
	Database JDBC URL [Connecting through datasource 'HikariDataSource (HikariPool-1)']
	Database driver: undefined/unknown
	Database version: 5.5.5
	Autocommit mode: undefined/unknown
	Isolation level: undefined/unknown
	Minimum pool size: undefined/unknown
	Maximum pool size: undefined/unknown
2025-03-25 15:33:15 [INFO] - HHH000489: No JTA platform available (set 'hibernate.transaction.jta.platform' to enable JTA platform integration)
2025-03-25 15:33:15 [INFO] - Initialized JPA EntityManagerFactory for persistence unit 'default'
2025-03-25 15:33:16 [WARN] - spring.jpa.open-in-view is enabled by default. Therefore, database queries may be performed during view rendering. Explicitly configure spring.jpa.open-in-view to disable this warning
2025-03-25 15:33:16 [INFO] - Global AuthenticationManager configured with UserDetailsService bean with name userDetailsServiceImpl
2025-03-25 15:33:16 [INFO] - LiveReload server is running on port 35729
2025-03-25 15:33:16 [INFO] - Tomcat started on port 8080 (http) with context path '/'
2025-03-25 15:33:16 [INFO] - Started SpringTutorialApplication in 2.896 seconds (process running for 3.314)
2025-03-25 15:33:58 [INFO] - Initializing Spring DispatcherServlet 'dispatcherServlet'
2025-03-25 15:33:58 [INFO] - Initializing Servlet 'dispatcherServlet'
2025-03-25 15:33:58 [INFO] - Completed initialization in 1 ms
2025-03-25 15:33:58 [INFO] - preHandle()：リクエスト：http://localhost:8080/login メソッド：GET
2025-03-25 15:33:58 [INFO] - postHandle()：ステータスコード200
2025-03-25 15:33:58 [INFO] - afterCompletion()：コンテンツタイプ：text/html;charset=UTF-8
2025-03-25 15:34:32 [INFO] - preHandle()：リクエスト：http://localhost:8080/adminuser メソッド：GET
2025-03-25 15:34:32 [INFO] - postHandle()：ステータスコード200
2025-03-25 15:34:32 [INFO] - afterCompletion()：コンテンツタイプ：text/html;charset=UTF-8
2025-03-25 15:36:06 [INFO] - preHandle()：リクエスト：http://localhost:8080/exception メソッド：GET
2025-03-25 15:36:06 [ERROR] - エラーが発生しました。メソッド名：dummyException, 例外クラス名：java.lang.ArithmeticException
2025-03-25 15:36:06 [WARN] - Resolved [java.lang.ArithmeticException: / by zero]
2025-03-25 15:36:06 [INFO] - afterCompletion()：コンテンツタイプ：text/html;charset=UTF-8
2025-03-25 15:37:17 [INFO] - Application shutdown requested.
2025-03-25 15:37:17 [INFO] - Commencing graceful shutdown. Waiting for active requests to complete
2025-03-25 15:37:17 [INFO] - Graceful shutdown complete
2025-03-25 15:37:17 [INFO] - Closing JPA EntityManagerFactory for persistence unit 'default'
2025-03-25 15:37:17 [INFO] - HikariPool-1 - Shutdown initiated...
2025-03-25 15:37:17 [INFO] - HikariPool-1 - Shutdown completed.
2025-03-25 15:56:46 [INFO] - Starting SpringTutorialApplication using Java 21.0.2 with PID 16004 (C:\Development\spring_boot\spring_tutorial\target\classes started by monst in C:\Development\spring_boot\spring_tutorial)
2025-03-25 15:56:46 [INFO] - The following 1 profile is active: "dev"
2025-03-25 15:56:46 [INFO] - Devtools property defaults active! Set 'spring.devtools.add-properties' to 'false' to disable
2025-03-25 15:56:46 [INFO] - For additional web related logging consider setting the 'logging.level.web' property to 'DEBUG'
2025-03-25 15:56:47 [INFO] - Bootstrapping Spring Data JPA repositories in DEFAULT mode.
2025-03-25 15:56:47 [INFO] - Finished Spring Data repository scanning in 29 ms. Found 1 JPA repository interface.
2025-03-25 15:56:47 [INFO] - Tomcat initialized with port 8080 (http)
2025-03-25 15:56:47 [INFO] - Starting service [Tomcat]
2025-03-25 15:56:47 [INFO] - Starting Servlet engine: [Apache Tomcat/10.1.36]
2025-03-25 15:56:47 [INFO] - Initializing Spring embedded WebApplicationContext
2025-03-25 15:56:47 [INFO] - Root WebApplicationContext: initialization completed in 907 ms
2025-03-25 15:56:47 [WARN] - Cannot deserialize session attribute [SPRING_SECURITY_CONTEXT] for session [EBCFC8E3457C04C2DF130DC684C51D77]
2025-03-25 15:56:47 [INFO] - init()：フィルターを初期化します。
2025-03-25 15:56:47 [INFO] - HikariPool-1 - Starting...
2025-03-25 15:56:47 [INFO] - HikariPool-1 - Added connection com.mysql.cj.jdbc.ConnectionImpl@64e23b22
2025-03-25 15:56:47 [INFO] - HikariPool-1 - Start completed.
2025-03-25 15:56:47 [INFO] - HHH000204: Processing PersistenceUnitInfo [name: default]
2025-03-25 15:56:47 [INFO] - HHH000412: Hibernate ORM core version 6.6.8.Final
2025-03-25 15:56:47 [INFO] - HHH000026: Second-level cache disabled
2025-03-25 15:56:48 [INFO] - No LoadTimeWeaver setup: ignoring JPA class transformer
2025-03-25 15:56:48 [WARN] - HHH000511: The 5.5.5 version for [org.hibernate.dialect.MySQLDialect] is no longer supported, hence certain features may not work properly. The minimum supported version is 8.0.0. Check the community dialects project for available legacy versions.
2025-03-25 15:56:48 [INFO] - HHH10001005: Database info:
	Database JDBC URL [Connecting through datasource 'HikariDataSource (HikariPool-1)']
	Database driver: undefined/unknown
	Database version: 5.5.5
	Autocommit mode: undefined/unknown
	Isolation level: undefined/unknown
	Minimum pool size: undefined/unknown
	Maximum pool size: undefined/unknown
2025-03-25 15:56:48 [INFO] - HHH000489: No JTA platform available (set 'hibernate.transaction.jta.platform' to enable JTA platform integration)
2025-03-25 15:56:48 [INFO] - Initialized JPA EntityManagerFactory for persistence unit 'default'
2025-03-25 15:56:48 [WARN] - spring.jpa.open-in-view is enabled by default. Therefore, database queries may be performed during view rendering. Explicitly configure spring.jpa.open-in-view to disable this warning
2025-03-25 15:56:48 [INFO] - Global AuthenticationManager configured with UserDetailsService bean with name userDetailsServiceImpl
2025-03-25 15:56:49 [INFO] - LiveReload server is running on port 35729
2025-03-25 15:56:49 [INFO] - Tomcat started on port 8080 (http) with context path '/'
2025-03-25 15:56:49 [INFO] - Started SpringTutorialApplication in 2.947 seconds (process running for 3.372)
2025-03-25 15:57:15 [INFO] - Initializing Spring DispatcherServlet 'dispatcherServlet'
2025-03-25 15:57:15 [INFO] - Initializing Servlet 'dispatcherServlet'
2025-03-25 15:57:15 [INFO] - Completed initialization in 1 ms
2025-03-25 15:57:15 [INFO] - doFilter()：フィルター処理を開始します。
2025-03-25 15:57:15 [INFO] - preHandle()：リクエスト：http://localhost:8080/login メソッド：GET
2025-03-25 15:57:15 [INFO] - postHandle()：ステータスコード200
2025-03-25 15:57:15 [INFO] - afterCompletion()：コンテンツタイプ：text/html;charset=UTF-8
2025-03-25 15:57:15 [INFO] - doFilter()：フィルター処理が完了しました。
2025-03-25 15:58:18 [INFO] - doFilter()：フィルター処理を開始します。
2025-03-25 15:58:18 [INFO] - preHandle()：リクエスト：http://localhost:8080/adminuser メソッド：GET
2025-03-25 15:58:18 [INFO] - postHandle()：ステータスコード200
2025-03-25 15:58:18 [INFO] - afterCompletion()：コンテンツタイプ：text/html;charset=UTF-8
2025-03-25 15:58:18 [INFO] - doFilter()：フィルター処理が完了しました。
2025-03-25 15:58:38 [INFO] - Application shutdown requested.
2025-03-25 15:58:38 [INFO] - Commencing graceful shutdown. Waiting for active requests to complete
2025-03-25 15:58:38 [INFO] - Graceful shutdown complete
2025-03-25 15:58:38 [INFO] - Closing JPA EntityManagerFactory for persistence unit 'default'
2025-03-25 15:58:38 [INFO] - HikariPool-1 - Shutdown initiated...
2025-03-25 15:58:38 [INFO] - HikariPool-1 - Shutdown completed.
2025-03-25 15:58:38 [INFO] - destroy()：フィルターを破棄します。
